d:\csc8506 pure\ncltech\debug\vc120.pdb
d:\csc8506 pure\ncltech\debug\vc120.idb
d:\csc8506 pure\ncltech\debug\collisiondetection.obj
d:\csc8506 pure\ncltech\debug\commonmeshes.obj
d:\csc8506 pure\ncltech\debug\constraint.obj
d:\csc8506 pure\ncltech\debug\cuboidcollisionshape.obj
d:\csc8506 pure\ncltech\debug\ncldebug.obj
d:\csc8506 pure\ncltech\debug\gameobject.obj
d:\csc8506 pure\ncltech\debug\hull.obj
d:\csc8506 pure\ncltech\debug\manifold.obj
d:\csc8506 pure\ncltech\debug\physicsengine.obj
d:\csc8506 pure\ncltech\debug\physicsobject.obj
d:\csc8506 pure\ncltech\debug\scene.obj
d:\csc8506 pure\ncltech\debug\simplemeshobject.obj
d:\csc8506 pure\ncltech\debug\source.obj
d:\csc8506 pure\ncltech\debug\spherecollisionshape.obj
d:\csc8506 pure\game technologies\debug\ncltech.lib
d:\csc8506 pure\ncltech\debug\ncltech.tlog\cl.command.1.tlog
d:\csc8506 pure\ncltech\debug\ncltech.tlog\cl.read.1.tlog
d:\csc8506 pure\ncltech\debug\ncltech.tlog\cl.write.1.tlog
d:\csc8506 pure\ncltech\debug\ncltech.tlog\lib-link.read.1.tlog
d:\csc8506 pure\ncltech\debug\ncltech.tlog\lib-link.write.1.tlog
d:\csc8506 pure\ncltech\debug\ncltech.tlog\lib.command.1.tlog
